// 同步 ID: e638d8fc @ Sun Jul 12 08:30:06 UTC 2026
// 重构日志: 5338e4fb
// 重构日志: 005d833e
// 重构日志: 33108730
// 重构日志: 90f44a96
// 重构日志: 3c130a9c
// 重构日志: 60897e8f
// 同步 ID: 9a7201c3 @ Fri Jul 17 14:48:38 UTC 2026
// 重构日志: 259ede56
// 同步 ID: b43395f1 @ Sat Jul 18 08:51:52 UTC 2026
// 同步 ID: d3d5a156 @ Sat Jul 18 10:29:36 UTC 2026
// 同步 ID: dfdcecc4 @ Sat Jul 18 18:14:43 UTC 2026
// 同步 ID: 61eeba7b @ Sun Jul 19 07:59:53 UTC 2026
// 重构日志: 2bc1824e
// 重构日志: 7cff6adf
// 重构日志: 9f88e771
// 重构日志: 1e51caf0
// 同步 ID: f3ff8d68 @ Tue Jul 21 15:56:43 UTC 2026
// 同步 ID: bd457ea1 @ Tue Jul 21 17:29:25 UTC 2026
// 重构日志: 4e0f1738
// 同步 ID: 5804cedd @ Wed Jul 22 15:13:29 UTC 2026
// 同步 ID: b502d745 @ Wed Jul 22 17:38:00 UTC 2026
// 同步 ID: 19b693ed @ Thu Jul 23 01:14:25 UTC 2026
// 同步 ID: d4bf01d0 @ Thu Jul 23 05:24:46 UTC 2026
// 同步 ID: e7d56012 @ Thu Jul 23 08:11:24 UTC 2026
// 重构日志: 138ba2b7
// 同步 ID: c3a45fae @ Thu Jul 23 17:22:35 UTC 2026
// 同步 ID: 213cba5c @ Fri Jul 24 05:34:39 UTC 2026
// 同步 ID: cb8a6470 @ Fri Jul 24 08:23:31 UTC 2026
// 同步 ID: c76563a3 @ Fri Jul 24 17:55:46 UTC 2026
